# JRE version: 7.0_21-b12
# Java VM: Java HotSpot(TM) 64-Bit Server VM (23.21-b01 mixed mode bsd-amd64 compressed oops)
Heap
 PSYoungGen      total 55808K, used 53288K [0x0000000140bb0000, 0x0000000152e60000, 0x00000001599b0000)
  eden space 55680K, 95% used [0x0000000140bb0000,0x0000000143f9a0e0,0x0000000144210000)
  from space 128K, 100% used [0x0000000152e40000,0x0000000152e60000,0x0000000152e60000)
  to   space 320K, 0% used [0x0000000152dc0000,0x0000000152dc0000,0x0000000152e10000)
 ParOldGen       total 50944K, used 40346K [0x000000010efb0000, 0x0000000112170000, 0x0000000140bb0000)
  object space 50944K, 79% used [0x000000010efb0000,0x0000000111716ac8,0x0000000112170000)
 PSPermGen       total 41024K, used 41003K [0x0000000109db0000, 0x000000010c5c0000, 0x000000010efb0000)
  object space 41024K, 99% used [0x0000000109db0000,0x000000010c5bad80,0x000000010c5c0000)
GC Heap History (10 events):
Event: 195.223 GC heap before
{Heap before GC invocations=226 (full 0):
 PSYoungGen      total 67712K, used 67712K [0x0000000140bb0000, 0x0000000152ec0000, 0x00000001599b0000)
  eden space 67520K, 100% used [0x0000000140bb0000,0x0000000144da0000,0x0000000144da0000)
  from space 192K, 100% used [0x0000000152e60000,0x0000000152e90000,0x0000000152e90000)
  to   space 192K, 0% used [0x0000000152e90000,0x0000000152e90000,0x0000000152ec0000)
 ParOldGen       total 50944K, used 40122K [0x000000010efb0000, 0x0000000112170000, 0x0000000140bb0000)
  object space 50944K, 78% used [0x000000010efb0000,0x00000001116deac8,0x0000000112170000)
 PSPermGen       total 41024K, used 40984K [0x0000000109db0000, 0x000000010c5c0000, 0x000000010efb0000)
  object space 41024K, 99% used [0x0000000109db0000,0x000000010c5b6068,0x000000010c5c0000)
Event: 195.228 GC heap after
Heap after GC invocations=226 (full 0):
 PSYoungGen      total 65088K, used 192K [0x0000000140bb0000, 0x0000000152ec0000, 0x00000001599b0000)
  eden space 64896K, 0% used [0x0000000140bb0000,0x0000000140bb0000,0x0000000144b10000)
  from space 192K, 100% used [0x0000000152e90000,0x0000000152ec0000,0x0000000152ec0000)
  to   space 256K, 0% used [0x0000000152e40000,0x0000000152e40000,0x0000000152e80000)
 ParOldGen       total 50944K, used 40138K [0x000000010efb0000, 0x0000000112170000, 0x0000000140bb0000)
  object space 50944K, 78% used [0x000000010efb0000,0x00000001116e2ac8,0x0000000112170000)
 PSPermGen       total 41024K, used 40984K [0x0000000109db0000, 0x000000010c5c0000, 0x000000010efb0000)
  object space 41024K, 99% used [0x0000000109db0000,0x000000010c5b6068,0x000000010c5c0000)
}
Event: 196.216 GC heap before
{Heap before GC invocations=227 (full 0):
 PSYoungGen      total 65088K, used 65088K [0x0000000140bb0000, 0x0000000152ec0000, 0x00000001599b0000)
  eden space 64896K, 100% used [0x0000000140bb0000,0x0000000144b10000,0x0000000144b10000)
  from space 192K, 100% used [0x0000000152e90000,0x0000000152ec0000,0x0000000152ec0000)
  to   space 256K, 0% used [0x0000000152e40000,0x0000000152e40000,0x0000000152e80000)
 ParOldGen       total 50944K, used 40138K [0x000000010efb0000, 0x0000000112170000, 0x0000000140bb0000)
  object space 50944K, 78% used [0x000000010efb0000,0x00000001116e2ac8,0x0000000112170000)
 PSPermGen       total 41024K, used 40984K [0x0000000109db0000, 0x000000010c5c0000, 0x000000010efb0000)
  object space 41024K, 99% used [0x0000000109db0000,0x000000010c5b6068,0x000000010c5c0000)
Event: 196.222 GC heap after
Heap after GC invocations=227 (full 0):
 PSYoungGen      total 62656K, used 256K [0x0000000140bb0000, 0x0000000152ea0000, 0x00000001599b0000)
  eden space 62400K, 0% used [0x0000000140bb0000,0x0000000140bb0000,0x00000001448a0000)
  from space 256K, 100% used [0x0000000152e40000,0x0000000152e80000,0x0000000152e80000)
  to   space 128K, 0% used [0x0000000152e80000,0x0000000152e80000,0x0000000152ea0000)
 ParOldGen       total 50944K, used 40194K [0x000000010efb0000, 0x0000000112170000, 0x0000000140bb0000)
  object space 50944K, 78% used [0x000000010efb0000,0x00000001116f0ac8,0x0000000112170000)
 PSPermGen       total 41024K, used 40984K [0x0000000109db0000, 0x000000010c5c0000, 0x000000010efb0000)
  object space 41024K, 99% used [0x0000000109db0000,0x000000010c5b6068,0x000000010c5c0000)
}
Event: 197.157 GC heap before
{Heap before GC invocations=228 (full 0):
 PSYoungGen      total 62656K, used 62656K [0x0000000140bb0000, 0x0000000152ea0000, 0x00000001599b0000)
  eden space 62400K, 100% used [0x0000000140bb0000,0x00000001448a0000,0x00000001448a0000)
  from space 256K, 100% used [0x0000000152e40000,0x0000000152e80000,0x0000000152e80000)
  to   space 128K, 0% used [0x0000000152e80000,0x0000000152e80000,0x0000000152ea0000)
 ParOldGen       total 50944K, used 40194K [0x000000010efb0000, 0x0000000112170000, 0x0000000140bb0000)
  object space 50944K, 78% used [0x000000010efb0000,0x00000001116f0ac8,0x0000000112170000)
 PSPermGen       total 41024K, used 40984K [0x0000000109db0000, 0x000000010c5c0000, 0x000000010efb0000)
  object space 41024K, 99% used [0x0000000109db0000,0x000000010c5b6068,0x000000010c5c0000)
Event: 197.162 GC heap after
Heap after GC invocations=228 (full 0):
 PSYoungGen      total 60160K, used 128K [0x0000000140bb0000, 0x0000000152ea0000, 0x00000001599b0000)
  eden space 60032K, 0% used [0x0000000140bb0000,0x0000000140bb0000,0x0000000144650000)
  from space 128K, 100% used [0x0000000152e80000,0x0000000152ea0000,0x0000000152ea0000)
  to   space 320K, 0% used [0x0000000152e00000,0x0000000152e00000,0x0000000152e50000)
 ParOldGen       total 50944K, used 40306K [0x000000010efb0000, 0x0000000112170000, 0x0000000140bb0000)
  object space 50944K, 79% used [0x000000010efb0000,0x000000011170cac8,0x0000000112170000)
 PSPermGen       total 41024K, used 40984K [0x0000000109db0000, 0x000000010c5c0000, 0x000000010efb0000)
  object space 41024K, 99% used [0x0000000109db0000,0x000000010c5b6068,0x000000010c5c0000)
}
Event: 197.857 GC heap before
{Heap before GC invocations=229 (full 0):
 PSYoungGen      total 60160K, used 60160K [0x0000000140bb0000, 0x0000000152ea0000, 0x00000001599b0000)
  eden space 60032K, 100% used [0x0000000140bb0000,0x0000000144650000,0x0000000144650000)
  from space 128K, 100% used [0x0000000152e80000,0x0000000152ea0000,0x0000000152ea0000)
  to   space 320K, 0% used [0x0000000152e00000,0x0000000152e00000,0x0000000152e50000)
 ParOldGen       total 50944K, used 40306K [0x000000010efb0000, 0x0000000112170000, 0x0000000140bb0000)
  object space 50944K, 79% used [0x000000010efb0000,0x000000011170cac8,0x0000000112170000)
 PSPermGen       total 41024K, used 40984K [0x0000000109db0000, 0x000000010c5c0000, 0x000000010efb0000)
  object space 41024K, 99% used [0x0000000109db0000,0x000000010c5b6068,0x000000010c5c0000)
Event: 197.864 GC heap after
Heap after GC invocations=229 (full 0):
 PSYoungGen      total 57984K, used 192K [0x0000000140bb0000, 0x0000000152e90000, 0x00000001599b0000)
  eden space 57792K, 0% used [0x0000000140bb0000,0x0000000140bb0000,0x0000000144420000)
  from space 192K, 100% used [0x0000000152e00000,0x0000000152e30000,0x0000000152e30000)
  to   space 320K, 0% used [0x0000000152e40000,0x0000000152e40000,0x0000000152e90000)
 ParOldGen       total 50944K, used 40322K [0x000000010efb0000, 0x0000000112170000, 0x0000000140bb0000)
  object space 50944K, 79% used [0x000000010efb0000,0x0000000111710ac8,0x0000000112170000)
 PSPermGen       total 41024K, used 40984K [0x0000000109db0000, 0x000000010c5c0000, 0x000000010efb0000)
  object space 41024K, 99% used [0x0000000109db0000,0x000000010c5b6068,0x000000010c5c0000)
}
Event: 198.247 GC heap before
{Heap before GC invocations=230 (full 0):
 PSYoungGen      total 57984K, used 57984K [0x0000000140bb0000, 0x0000000152e90000, 0x00000001599b0000)
  eden space 57792K, 100% used [0x0000000140bb0000,0x0000000144420000,0x0000000144420000)
  from space 192K, 100% used [0x0000000152e00000,0x0000000152e30000,0x0000000152e30000)
  to   space 320K, 0% used [0x0000000152e40000,0x0000000152e40000,0x0000000152e90000)
 ParOldGen       total 50944K, used 40322K [0x000000010efb0000, 0x0000000112170000, 0x0000000140bb0000)
  object space 50944K, 79% used [0x000000010efb0000,0x0000000111710ac8,0x0000000112170000)
 PSPermGen       total 41024K, used 40984K [0x0000000109db0000, 0x000000010c5c0000, 0x000000010efb0000)
  object space 41024K, 99% used [0x0000000109db0000,0x000000010c5b6068,0x000000010c5c0000)
Event: 198.252 GC heap after
Heap after GC invocations=230 (full 0):
 PSYoungGen      total 55808K, used 128K [0x0000000140bb0000, 0x0000000152e60000, 0x00000001599b0000)
  eden space 55680K, 0% used [0x0000000140bb0000,0x0000000140bb0000,0x0000000144210000)
  from space 128K, 100% used [0x0000000152e40000,0x0000000152e60000,0x0000000152e60000)
  to   space 320K, 0% used [0x0000000152dc0000,0x0000000152dc0000,0x0000000152e10000)
 ParOldGen       total 50944K, used 40346K [0x000000010efb0000, 0x0000000112170000, 0x0000000140bb0000)
  object space 50944K, 79% used [0x000000010efb0000,0x0000000111716ac8,0x0000000112170000)
 PSPermGen       total 41024K, used 40984K [0x0000000109db0000, 0x000000010c5c0000, 0x000000010efb0000)
  object space 41024K, 99% used [0x0000000109db0000,0x000000010c5b6068,0x000000010c5c0000)
}

