# JRE version: 7.0_21-b12
# Java VM: Java HotSpot(TM) 64-Bit Server VM (23.21-b01 mixed mode bsd-amd64 compressed oops)
Heap
 PSYoungGen      total 376000K, used 64961K [0x0000000146810000, 0x000000015ed20000, 0x000000015f360000)
  eden space 373568K, 16% used [0x0000000146810000,0x000000014a528cf0,0x000000015d4e0000)
  from space 2432K, 98% used [0x000000015e720000,0x000000015e977768,0x000000015e980000)
  to   space 3712K, 0% used [0x000000015e980000,0x000000015e980000,0x000000015ed20000)
 ParOldGen       total 50624K, used 33133K [0x0000000115160000, 0x00000001182d0000, 0x0000000146810000)
  object space 50624K, 65% used [0x0000000115160000,0x00000001171bb678,0x00000001182d0000)
 PSPermGen       total 40256K, used 40128K [0x000000010ff60000, 0x00000001126b0000, 0x0000000115160000)
  object space 40256K, 99% used [0x000000010ff60000,0x0000000112690268,0x00000001126b0000)
GC Heap History (10 events):
Event: 12.547 GC heap before
{Heap before GC invocations=13 (full 0):
 PSYoungGen      total 391360K, used 386176K [0x0000000146810000, 0x000000015ed70000, 0x000000015f360000)
  eden space 385344K, 100% used [0x0000000146810000,0x000000015e060000,0x000000015e060000)
  from space 6016K, 13% used [0x000000015e6b0000,0x000000015e780000,0x000000015ec90000)
  to   space 6464K, 0% used [0x000000015e060000,0x000000015e060000,0x000000015e6b0000)
 ParOldGen       total 50624K, used 17365K [0x0000000115160000, 0x00000001182d0000, 0x0000000146810000)
  object space 50624K, 34% used [0x0000000115160000,0x0000000116255508,0x00000001182d0000)
 PSPermGen       total 28160K, used 27973K [0x000000010ff60000, 0x0000000111ae0000, 0x0000000115160000)
  object space 28160K, 99% used [0x000000010ff60000,0x0000000111ab1410,0x0000000111ae0000)
Event: 12.567 GC heap after
Heap after GC invocations=13 (full 0):
 PSYoungGen      total 391808K, used 3488K [0x0000000146810000, 0x000000015f360000, 0x000000015f360000)
  eden space 385344K, 0% used [0x0000000146810000,0x0000000146810000,0x000000015e060000)
  from space 6464K, 53% used [0x000000015e060000,0x000000015e3c8020,0x000000015e6b0000)
  to   space 6272K, 0% used [0x000000015ed40000,0x000000015ed40000,0x000000015f360000)
 ParOldGen       total 50624K, used 18109K [0x0000000115160000, 0x00000001182d0000, 0x0000000146810000)
  object space 50624K, 35% used [0x0000000115160000,0x000000011630f420,0x00000001182d0000)
 PSPermGen       total 28160K, used 27973K [0x000000010ff60000, 0x0000000111ae0000, 0x0000000115160000)
  object space 28160K, 99% used [0x000000010ff60000,0x0000000111ab1410,0x0000000111ae0000)
}
Event: 15.070 GC heap before
{Heap before GC invocations=14 (full 0):
 PSYoungGen      total 391808K, used 388832K [0x0000000146810000, 0x000000015f360000, 0x000000015f360000)
  eden space 385344K, 100% used [0x0000000146810000,0x000000015e060000,0x000000015e060000)
  from space 6464K, 53% used [0x000000015e060000,0x000000015e3c8020,0x000000015e6b0000)
  to   space 6272K, 0% used [0x000000015ed40000,0x000000015ed40000,0x000000015f360000)
 ParOldGen       total 50624K, used 18109K [0x0000000115160000, 0x00000001182d0000, 0x0000000146810000)
  object space 50624K, 35% used [0x0000000115160000,0x000000011630f420,0x00000001182d0000)
 PSPermGen       total 31232K, used 31051K [0x000000010ff60000, 0x0000000111de0000, 0x0000000115160000)
  object space 31232K, 99% used [0x000000010ff60000,0x0000000111db2db8,0x0000000111de0000)
Event: 15.092 GC heap after
Heap after GC invocations=14 (full 0):
 PSYoungGen      total 398272K, used 4835K [0x0000000146810000, 0x000000015f360000, 0x000000015f360000)
  eden space 392000K, 0% used [0x0000000146810000,0x0000000146810000,0x000000015e6e0000)
  from space 6272K, 77% used [0x000000015ed40000,0x000000015f1f8cd0,0x000000015f360000)
  to   space 6400K, 0% used [0x000000015e6e0000,0x000000015e6e0000,0x000000015ed20000)
 ParOldGen       total 50624K, used 21350K [0x0000000115160000, 0x00000001182d0000, 0x0000000146810000)
  object space 50624K, 42% used [0x0000000115160000,0x0000000116639a58,0x00000001182d0000)
 PSPermGen       total 31232K, used 31051K [0x000000010ff60000, 0x0000000111de0000, 0x0000000115160000)
  object space 31232K, 99% used [0x000000010ff60000,0x0000000111db2db8,0x0000000111de0000)
}
Event: 16.725 GC heap before
{Heap before GC invocations=15 (full 0):
 PSYoungGen      total 398272K, used 396835K [0x0000000146810000, 0x000000015f360000, 0x000000015f360000)
  eden space 392000K, 100% used [0x0000000146810000,0x000000015e6e0000,0x000000015e6e0000)
  from space 6272K, 77% used [0x000000015ed40000,0x000000015f1f8cd0,0x000000015f360000)
  to   space 6400K, 0% used [0x000000015e6e0000,0x000000015e6e0000,0x000000015ed20000)
 ParOldGen       total 50624K, used 21350K [0x0000000115160000, 0x00000001182d0000, 0x0000000146810000)
  object space 50624K, 42% used [0x0000000115160000,0x0000000116639a58,0x00000001182d0000)
 PSPermGen       total 34112K, used 33966K [0x000000010ff60000, 0x00000001120b0000, 0x0000000115160000)
  object space 34112K, 99% used [0x000000010ff60000,0x000000011208ba90,0x00000001120b0000)
Event: 16.743 GC heap after
Heap after GC invocations=15 (full 0):
 PSYoungGen      total 396224K, used 4168K [0x0000000146810000, 0x000000015f320000, 0x000000015f360000)
  eden space 392000K, 0% used [0x0000000146810000,0x0000000146810000,0x000000015e6e0000)
  from space 4224K, 98% used [0x000000015e6e0000,0x000000015eaf22f8,0x000000015eb00000)
  to   space 6208K, 0% used [0x000000015ed10000,0x000000015ed10000,0x000000015f320000)
 ParOldGen       total 50624K, used 26016K [0x0000000115160000, 0x00000001182d0000, 0x0000000146810000)
  object space 50624K, 51% used [0x0000000115160000,0x0000000116ac8288,0x00000001182d0000)
 PSPermGen       total 34112K, used 33966K [0x000000010ff60000, 0x00000001120b0000, 0x0000000115160000)
  object space 34112K, 99% used [0x000000010ff60000,0x000000011208ba90,0x00000001120b0000)
}
Event: 21.099 GC heap before
{Heap before GC invocations=16 (full 0):
 PSYoungGen      total 396224K, used 396168K [0x0000000146810000, 0x000000015f320000, 0x000000015f360000)
  eden space 392000K, 100% used [0x0000000146810000,0x000000015e6e0000,0x000000015e6e0000)
  from space 4224K, 98% used [0x000000015e6e0000,0x000000015eaf22f8,0x000000015eb00000)
  to   space 6208K, 0% used [0x000000015ed10000,0x000000015ed10000,0x000000015f320000)
 ParOldGen       total 50624K, used 26016K [0x0000000115160000, 0x00000001182d0000, 0x0000000146810000)
  object space 50624K, 51% used [0x0000000115160000,0x0000000116ac8288,0x00000001182d0000)
 PSPermGen       total 37760K, used 37687K [0x000000010ff60000, 0x0000000112440000, 0x0000000115160000)
  object space 37760K, 99% used [0x000000010ff60000,0x000000011242df18,0x0000000112440000)
Event: 21.121 GC heap after
Heap after GC invocations=16 (full 0):
 PSYoungGen      total 398464K, used 3666K [0x0000000146810000, 0x000000015f360000, 0x000000015f360000)
  eden space 392256K, 0% used [0x0000000146810000,0x0000000146810000,0x000000015e720000)
  from space 6208K, 59% used [0x000000015ed10000,0x000000015f0a48c8,0x000000015f320000)
  to   space 6080K, 0% used [0x000000015e720000,0x000000015e720000,0x000000015ed10000)
 ParOldGen       total 50624K, used 29773K [0x0000000115160000, 0x00000001182d0000, 0x0000000146810000)
  object space 50624K, 58% used [0x0000000115160000,0x0000000116e73658,0x00000001182d0000)
 PSPermGen       total 37760K, used 37687K [0x000000010ff60000, 0x0000000112440000, 0x0000000115160000)
  object space 37760K, 99% used [0x000000010ff60000,0x000000011242df18,0x0000000112440000)
}
Event: 23.063 GC heap before
{Heap before GC invocations=17 (full 0):
 PSYoungGen      total 398464K, used 395922K [0x0000000146810000, 0x000000015f360000, 0x000000015f360000)
  eden space 392256K, 100% used [0x0000000146810000,0x000000015e720000,0x000000015e720000)
  from space 6208K, 59% used [0x000000015ed10000,0x000000015f0a48c8,0x000000015f320000)
  to   space 6080K, 0% used [0x000000015e720000,0x000000015e720000,0x000000015ed10000)
 ParOldGen       total 50624K, used 29773K [0x0000000115160000, 0x00000001182d0000, 0x0000000146810000)
  object space 50624K, 58% used [0x0000000115160000,0x0000000116e73658,0x00000001182d0000)
 PSPermGen       total 39488K, used 39367K [0x000000010ff60000, 0x00000001125f0000, 0x0000000115160000)
  object space 39488K, 99% used [0x000000010ff60000,0x00000001125d1e58,0x00000001125f0000)
Event: 23.078 GC heap after
Heap after GC invocations=17 (full 0):
 PSYoungGen      total 376000K, used 2397K [0x0000000146810000, 0x000000015ed20000, 0x000000015f360000)
  eden space 373568K, 0% used [0x0000000146810000,0x0000000146810000,0x000000015d4e0000)
  from space 2432K, 98% used [0x000000015e720000,0x000000015e977768,0x000000015e980000)
  to   space 3712K, 0% used [0x000000015e980000,0x000000015e980000,0x000000015ed20000)
 ParOldGen       total 50624K, used 33133K [0x0000000115160000, 0x00000001182d0000, 0x0000000146810000)
  object space 50624K, 65% used [0x0000000115160000,0x00000001171bb678,0x00000001182d0000)
 PSPermGen       total 39488K, used 39367K [0x000000010ff60000, 0x00000001125f0000, 0x0000000115160000)
  object space 39488K, 99% used [0x000000010ff60000,0x00000001125d1e58,0x00000001125f0000)
}

